# JRE version: OpenJDK Runtime Environment (8.0_152-b01) (build 1.8.0_152-release-1024-b01)
# Java VM: OpenJDK 64-Bit Server VM (25.152-b01 mixed mode linux-amd64 compressed oops)
Heap:
 PSYoungGen      total 310784K, used 10291K [0x00000000e0000000, 0x00000000f4980000, 0x0000000100000000)
  eden space 284672K, 0% used [0x00000000e0000000,0x00000000e0000000,0x00000000f1600000)
  from space 26112K, 39% used [0x00000000f1600000,0x00000000f200cdd8,0x00000000f2f80000)
  to   space 26112K, 0% used [0x00000000f2f80000,0x00000000f2f80000,0x00000000f4900000)
 ParOldGen       total 144896K, used 84295K [0x00000000a0000000, 0x00000000a8d80000, 0x00000000e0000000)
  object space 144896K, 58% used [0x00000000a0000000,0x00000000a5251e58,0x00000000a8d80000)
 Metaspace       used 79849K, capacity 83198K, committed 83416K, reserved 1122304K
  class space    used 10033K, capacity 10730K, committed 10752K, reserved 1048576K
GC Heap History (10 events):
Event: 571,486 GC heap after
Heap after GC invocations=42 (full 4):
 PSYoungGen      total 230912K, used 9482K [0x00000000e0000000, 0x00000000f0c00000, 0x0000000100000000)
  eden space 201728K, 0% used [0x00000000e0000000,0x00000000e0000000,0x00000000ec500000)
  from space 29184K, 32% used [0x00000000ee080000,0x00000000ee9c29c0,0x00000000efd00000)
  to   space 28160K, 0% used [0x00000000ec500000,0x00000000ec500000,0x00000000ee080000)
 ParOldGen       total 144896K, used 69322K [0x00000000a0000000, 0x00000000a8d80000, 0x00000000e0000000)
  object space 144896K, 47% used [0x00000000a0000000,0x00000000a43b29c0,0x00000000a8d80000)
 Metaspace       used 74832K, capacity 77678K, committed 77912K, reserved 1118208K
  class space    used 9524K, capacity 10112K, committed 10112K, reserved 1048576K
}
Event: 571,536 GC heap before
{Heap before GC invocations=43 (full 4):
 PSYoungGen      total 230912K, used 211144K [0x00000000e0000000, 0x00000000f0c00000, 0x0000000100000000)
  eden space 201728K, 99% used [0x00000000e0000000,0x00000000ec4ef870,0x00000000ec500000)
  from space 29184K, 32% used [0x00000000ee080000,0x00000000ee9c29c0,0x00000000efd00000)
  to   space 28160K, 0% used [0x00000000ec500000,0x00000000ec500000,0x00000000ee080000)
 ParOldGen       total 144896K, used 69322K [0x00000000a0000000, 0x00000000a8d80000, 0x00000000e0000000)
  object space 144896K, 47% used [0x00000000a0000000,0x00000000a43b29c0,0x00000000a8d80000)
 Metaspace       used 74837K, capacity 77678K, committed 77912K, reserved 1118208K
  class space    used 9524K, capacity 10112K, committed 10112K, reserved 1048576K
Event: 571,542 GC heap after
Heap after GC invocations=43 (full 4):
 PSYoungGen      total 229888K, used 96K [0x00000000e0000000, 0x00000000f2680000, 0x0000000100000000)
  eden space 201728K, 0% used [0x00000000e0000000,0x00000000e0000000,0x00000000ec500000)
  from space 28160K, 0% used [0x00000000ec500000,0x00000000ec518000,0x00000000ee080000)
  to   space 28160K, 0% used [0x00000000f0b00000,0x00000000f0b00000,0x00000000f2680000)
 ParOldGen       total 144896K, used 78646K [0x00000000a0000000, 0x00000000a8d80000, 0x00000000e0000000)
  object space 144896K, 54% used [0x00000000a0000000,0x00000000a4ccdab8,0x00000000a8d80000)
 Metaspace       used 74837K, capacity 77678K, committed 77912K, reserved 1118208K
  class space    used 9524K, capacity 10112K, committed 10112K, reserved 1048576K
}
Event: 1924,202 GC heap before
{Heap before GC invocations=44 (full 4):
 PSYoungGen      total 229888K, used 201824K [0x00000000e0000000, 0x00000000f2680000, 0x0000000100000000)
  eden space 201728K, 100% used [0x00000000e0000000,0x00000000ec500000,0x00000000ec500000)
  from space 28160K, 0% used [0x00000000ec500000,0x00000000ec518000,0x00000000ee080000)
  to   space 28160K, 0% used [0x00000000f0b00000,0x00000000f0b00000,0x00000000f2680000)
 ParOldGen       total 144896K, used 78646K [0x00000000a0000000, 0x00000000a8d80000, 0x00000000e0000000)
  object space 144896K, 54% used [0x00000000a0000000,0x00000000a4ccdab8,0x00000000a8d80000)
 Metaspace       used 75366K, capacity 78272K, committed 78552K, reserved 1118208K
  class space    used 9562K, capacity 10175K, committed 10240K, reserved 1048576K
Event: 1924,240 GC heap after
Heap after GC invocations=44 (full 4):
 PSYoungGen      total 268288K, used 3664K [0x00000000e0000000, 0x00000000f2380000, 0x0000000100000000)
  eden space 243200K, 0% used [0x00000000e0000000,0x00000000e0000000,0x00000000eed80000)
  from space 25088K, 14% used [0x00000000f0b00000,0x00000000f0e94298,0x00000000f2380000)
  to   space 27648K, 0% used [0x00000000eed80000,0x00000000eed80000,0x00000000f0880000)
 ParOldGen       total 144896K, used 78686K [0x00000000a0000000, 0x00000000a8d80000, 0x00000000e0000000)
  object space 144896K, 54% used [0x00000000a0000000,0x00000000a4cd7ab8,0x00000000a8d80000)
 Metaspace       used 75366K, capacity 78272K, committed 78552K, reserved 1118208K
  class space    used 9562K, capacity 10175K, committed 10240K, reserved 1048576K
}
Event: 2010,936 GC heap before
{Heap before GC invocations=45 (full 4):
 PSYoungGen      total 268288K, used 246838K [0x00000000e0000000, 0x00000000f2380000, 0x0000000100000000)
  eden space 243200K, 99% used [0x00000000e0000000,0x00000000eed797d0,0x00000000eed80000)
  from space 25088K, 14% used [0x00000000f0b00000,0x00000000f0e94298,0x00000000f2380000)
  to   space 27648K, 0% used [0x00000000eed80000,0x00000000eed80000,0x00000000f0880000)
 ParOldGen       total 144896K, used 78686K [0x00000000a0000000, 0x00000000a8d80000, 0x00000000e0000000)
  object space 144896K, 54% used [0x00000000a0000000,0x00000000a4cd7ab8,0x00000000a8d80000)
 Metaspace       used 78244K, capacity 81506K, committed 81752K, reserved 1120256K
  class space    used 9899K, capacity 10596K, committed 10624K, reserved 1048576K
Event: 2010,967 GC heap after
Heap after GC invocations=45 (full 4):
 PSYoungGen      total 270848K, used 8294K [0x00000000e0000000, 0x00000000f4900000, 0x0000000100000000)
  eden space 243200K, 0% used [0x00000000e0000000,0x00000000e0000000,0x00000000eed80000)
  from space 27648K, 29% used [0x00000000eed80000,0x00000000ef5998b0,0x00000000f0880000)
  to   space 26112K, 0% used [0x00000000f2f80000,0x00000000f2f80000,0x00000000f4900000)
 ParOldGen       total 144896K, used 78995K [0x00000000a0000000, 0x00000000a8d80000, 0x00000000e0000000)
  object space 144896K, 54% used [0x00000000a0000000,0x00000000a4d24dd0,0x00000000a8d80000)
 Metaspace       used 78244K, capacity 81506K, committed 81752K, reserved 1120256K
  class space    used 9899K, capacity 10596K, committed 10624K, reserved 1048576K
}
Event: 2011,160 GC heap before
{Heap before GC invocations=46 (full 4):
 PSYoungGen      total 270848K, used 251043K [0x00000000e0000000, 0x00000000f4900000, 0x0000000100000000)
  eden space 243200K, 99% used [0x00000000e0000000,0x00000000eed0f530,0x00000000eed80000)
  from space 27648K, 29% used [0x00000000eed80000,0x00000000ef5998b0,0x00000000f0880000)
  to   space 26112K, 0% used [0x00000000f2f80000,0x00000000f2f80000,0x00000000f4900000)
 ParOldGen       total 144896K, used 78995K [0x00000000a0000000, 0x00000000a8d80000, 0x00000000e0000000)
  object space 144896K, 54% used [0x00000000a0000000,0x00000000a4d24dd0,0x00000000a8d80000)
 Metaspace       used 78244K, capacity 81506K, committed 81752K, reserved 1120256K
  class space    used 9899K, capacity 10596K, committed 10624K, reserved 1048576K
Event: 2011,175 GC heap after
Heap after GC invocations=46 (full 4):
 PSYoungGen      total 310784K, used 32K [0x00000000e0000000, 0x00000000f4980000, 0x0000000100000000)
  eden space 284672K, 0% used [0x00000000e0000000,0x00000000e0000000,0x00000000f1600000)
  from space 26112K, 0% used [0x00000000f2f80000,0x00000000f2f88000,0x00000000f4900000)
  to   space 26112K, 0% used [0x00000000f1600000,0x00000000f1600000,0x00000000f2f80000)
 ParOldGen       total 144896K, used 84263K [0x00000000a0000000, 0x00000000a8d80000, 0x00000000e0000000)
  object space 144896K, 58% used [0x00000000a0000000,0x00000000a5249e58,0x00000000a8d80000)
 Metaspace       used 78244K, capacity 81506K, committed 81752K, reserved 1120256K
  class space    used 9899K, capacity 10596K, committed 10624K, reserved 1048576K
}
Event: 2016,444 GC heap before
{Heap before GC invocations=47 (full 4):
 PSYoungGen      total 310784K, used 284704K [0x00000000e0000000, 0x00000000f4980000, 0x0000000100000000)
  eden space 284672K, 100% used [0x00000000e0000000,0x00000000f1600000,0x00000000f1600000)
  from space 26112K, 0% used [0x00000000f2f80000,0x00000000f2f88000,0x00000000f4900000)
  to   space 26112K, 0% used [0x00000000f1600000,0x00000000f1600000,0x00000000f2f80000)
 ParOldGen       total 144896K, used 84263K [0x00000000a0000000, 0x00000000a8d80000, 0x00000000e0000000)
  object space 144896K, 58% used [0x00000000a0000000,0x00000000a5249e58,0x00000000a8d80000)
 Metaspace       used 79849K, capacity 83198K, committed 83416K, reserved 1122304K
  class space    used 10033K, capacity 10730K, committed 10752K, reserved 1048576K

